[2018-10-09 12:22:00] my_logger.INFO: This is a blog [] []
[2018-10-09 12:22:00] my_logger.INFO: SQLSTATE[21S01]: Insert value list does not match column list: 1136 Column count doesn't match value count at row 1 [] []
[2018-10-09 12:22:22] my_logger.INFO: This is a blog [] []
[2018-10-11 04:49:45] my_logger.INFO: id2 [] []
[2018-10-11 10:03:28] my_logger.INFO:  [] []
[2018-10-11 10:03:52] my_logger.INFO:  [] []
[2018-10-11 10:05:17] my_logger.INFO: SQLSTATE[42S22]: Column not found: 1054 Unknown column 'display_order' in 'order clause' [] []
[2018-10-11 10:05:24] my_logger.INFO: SQLSTATE[42S22]: Column not found: 1054 Unknown column 'display_order' in 'order clause' [] []
[2018-10-11 10:07:05] my_logger.INFO: 977 1 837363 [] []
[2018-10-11 10:11:19] my_logger.INFO: 977 1 837363 [] []
[2018-10-11 10:11:39] my_logger.INFO: 977 1 837363 [] []
[2018-10-11 10:44:05] my_logger.INFO: 977 1 837363 [] []
[2018-10-11 10:45:00] my_logger.INFO: 977 1 837363 [] []
[2018-10-11 10:45:44] my_logger.INFO: 977 1 837363 [] []
[2018-10-11 10:46:20] my_logger.INFO: 977 1 837363 [] []
[2018-10-11 10:46:43] my_logger.INFO: 977 1 837363 [] []
[2018-10-11 10:46:57] my_logger.INFO: 977 1 837363 [] []
[2018-10-11 10:49:37] my_logger.INFO: 977 1 837363 [] []
[2018-10-11 10:50:43] my_logger.INFO: 977 1 837363 [] []
[2018-10-11 10:51:56] my_logger.INFO: 977 1 837363 [] []
[2018-10-11 10:52:37] my_logger.INFO: 977 1 837363 [] []
[2018-10-11 10:53:58] my_logger.INFO: 977 1 837363 [] []
[2018-10-11 10:57:24] my_logger.INFO: 977 1 837363 [] []
[2018-10-11 10:58:14] my_logger.INFO: 977 1 837363 [] []
[2018-10-11 11:29:51] my_logger.INFO: banner updated 1 [] []
[2018-10-11 11:52:13] my_logger.INFO: banner updated 1 [] []
[2018-10-11 12:01:17] my_logger.INFO: banner updated 1 [] []
[2018-10-11 12:01:52] my_logger.INFO: banner updated 1 [] []
[2018-10-11 12:03:05] my_logger.INFO: banner updated 1 [] []
[2018-10-11 13:58:47] my_logger.INFO: image_slider4.jpg [] []
[2018-10-11 13:59:00] my_logger.INFO: image_slider4.jpg [] []
[2018-10-11 13:59:34] my_logger.INFO: image_slider5.jpg [] []
[2018-10-11 14:01:49] my_logger.INFO: image_slider5.jpg [] []
[2018-10-11 14:02:33] my_logger.INFO: banner updated 1 [] []
[2018-10-11 14:02:40] my_logger.INFO: image_slider9.jpg [] []
[2018-10-11 14:03:53] my_logger.INFO: banner updated 1 [] []
[2018-10-11 14:04:00] my_logger.INFO: gurkhasecurity.jpg [] []
[2018-10-11 14:04:15] my_logger.INFO: image_slider9.jpg [] []
[2018-10-11 14:04:18] my_logger.INFO:  [] []
[2018-10-11 14:38:56] my_logger.INFO: banner updated 1 [] []
[2018-10-11 14:39:14] my_logger.INFO: banner updated 1 [] []
[2018-10-11 14:39:26] my_logger.INFO: banner updated 1 [] []
[2018-10-11 14:39:48] my_logger.INFO: banner updated 1 [] []
[2018-10-11 14:40:07] my_logger.INFO: banner updated 1 [] []
[2018-10-11 14:40:48] my_logger.INFO: banner updated 1 [] []
[2018-10-11 14:41:07] my_logger.INFO: banner updated 1 [] []
[2018-10-11 14:41:25] my_logger.INFO: banner updated 1 [] []
[2018-10-11 14:41:39] my_logger.INFO: banner updated 1 [] []
[2018-10-11 14:41:52] my_logger.INFO: banner updated 1 [] []
